

Microchip MPLAB XC8 Assembler V2.10 build 88905656 
                                                                                               Mon Feb 24 17:43:53 2020

Microchip MPLAB XC8 C Compiler v2.10 (Free license) build 20190730164152 Og1 
     1                           	processor	16F887
     2                           	opt	pw 120
     3                           	opt	flic
     4                           	psect	cinit,global,class=CODE,merge=1,delta=2
     5                           	psect	bssCOMMON,global,class=COMMON,space=1,delta=1
     6                           	psect	cstackCOMMON,global,class=COMMON,space=1,delta=1
     7                           	psect	maintext,global,class=CODE,split=1,delta=2
     8                           	psect	text1,local,class=CODE,merge=1,delta=2
     9                           	psect	text2,local,class=CODE,merge=1,delta=2
    10                           	psect	text3,local,class=CODE,merge=1,delta=2
    11                           	psect	text4,local,class=CODE,merge=1,delta=2
    12                           	psect	intentry,global,class=CODE,delta=2
    13                           	dabs	1,0x7E,2
    14  0000                     
    15                           ; Version 2.10
    16                           ; Generated 31/07/2019 GMT
    17                           ; 
    18                           ; Copyright © 2019, Microchip Technology Inc. and its subsidiaries ("Microchip")
    19                           ; All rights reserved.
    20                           ; 
    21                           ; This software is developed by Microchip Technology Inc. and its subsidiaries ("Microch
      +                          ip").
    22                           ; 
    23                           ; Redistribution and use in source and binary forms, with or without modification, are
    24                           ; permitted provided that the following conditions are met:
    25                           ; 
    26                           ;     1. Redistributions of source code must retain the above copyright notice, this lis
      +                          t of
    27                           ;        conditions and the following disclaimer.
    28                           ; 
    29                           ;     2. Redistributions in binary form must reproduce the above copyright notice, this 
      +                          list
    30                           ;        of conditions and the following disclaimer in the documentation and/or other
    31                           ;        materials provided with the distribution.
    32                           ; 
    33                           ;     3. Microchip's name may not be used to endorse or promote products derived from th
      +                          is
    34                           ;        software without specific prior written permission.
    35                           ; 
    36                           ; THIS SOFTWARE IS PROVIDED BY MICROCHIP "AS IS" AND ANY EXPRESS OR IMPLIED WARRANTIES,
    37                           ; INCLUDING, BUT NOT LIMITED TO, THE IMPLIED WARRANTIES OF MERCHANTABILITY AND FITNESS F
      +                          OR
    38                           ; PURPOSE ARE DISCLAIMED.  IN NO EVENT SHALL MICROCHIP BE LIABLE FOR ANY DIRECT, INDIREC
      +                          T,
    39                           ; INCIDENTAL, SPECIAL, EXEMPLARY, OR CONSEQUENTIAL DAMAGES (INCLUDING BUT NOT LIMITED TO
    40                           ; PROCUREMENT OF SUBSTITUTE GOODS OR SERVICES; LOSS OF USE, DATA OR PROFITS; OR BUSINESS
    41                           ; INTERRUPTION) HOWSOEVER CAUSED AND ON ANY THEORY OF LIABILITY, WHETHER IN CONTRACT, ST
      +                          RICT
    42                           ; LIABILITY, OR TORT (INCLUDING NEGLIGENCE OR OTHERWISE) ARISING IN ANY WAY OUT OF THE U
      +                          SE OF
    43                           ; THIS SOFTWARE, EVEN IF ADVISED OF THE POSSIBILITY OF SUCH DAMAGE.
    44                           ; 
    45                           ; 
    46                           ; Code-generator required, PIC16F887 Definitions
    47                           ; 
    48                           ; SFR Addresses
    49  0000                     	;# 
    50  0001                     	;# 
    51  0002                     	;# 
    52  0003                     	;# 
    53  0004                     	;# 
    54  0005                     	;# 
    55  0006                     	;# 
    56  0007                     	;# 
    57  0008                     	;# 
    58  0009                     	;# 
    59  000A                     	;# 
    60  000B                     	;# 
    61  000C                     	;# 
    62  000D                     	;# 
    63  000E                     	;# 
    64  000E                     	;# 
    65  000F                     	;# 
    66  0010                     	;# 
    67  0011                     	;# 
    68  0012                     	;# 
    69  0013                     	;# 
    70  0014                     	;# 
    71  0015                     	;# 
    72  0015                     	;# 
    73  0016                     	;# 
    74  0017                     	;# 
    75  0018                     	;# 
    76  0019                     	;# 
    77  001A                     	;# 
    78  001B                     	;# 
    79  001B                     	;# 
    80  001C                     	;# 
    81  001D                     	;# 
    82  001E                     	;# 
    83  001F                     	;# 
    84  0081                     	;# 
    85  0085                     	;# 
    86  0086                     	;# 
    87  0087                     	;# 
    88  0088                     	;# 
    89  0089                     	;# 
    90  008C                     	;# 
    91  008D                     	;# 
    92  008E                     	;# 
    93  008F                     	;# 
    94  0090                     	;# 
    95  0091                     	;# 
    96  0092                     	;# 
    97  0093                     	;# 
    98  0093                     	;# 
    99  0093                     	;# 
   100  0094                     	;# 
   101  0095                     	;# 
   102  0096                     	;# 
   103  0097                     	;# 
   104  0098                     	;# 
   105  0099                     	;# 
   106  009A                     	;# 
   107  009B                     	;# 
   108  009C                     	;# 
   109  009D                     	;# 
   110  009E                     	;# 
   111  009F                     	;# 
   112  0105                     	;# 
   113  0107                     	;# 
   114  0108                     	;# 
   115  0109                     	;# 
   116  010C                     	;# 
   117  010C                     	;# 
   118  010D                     	;# 
   119  010E                     	;# 
   120  010F                     	;# 
   121  0185                     	;# 
   122  0187                     	;# 
   123  0188                     	;# 
   124  0189                     	;# 
   125  018C                     	;# 
   126  018D                     	;# 
   127  0000                     	;# 
   128  0001                     	;# 
   129  0002                     	;# 
   130  0003                     	;# 
   131  0004                     	;# 
   132  0005                     	;# 
   133  0006                     	;# 
   134  0007                     	;# 
   135  0008                     	;# 
   136  0009                     	;# 
   137  000A                     	;# 
   138  000B                     	;# 
   139  000C                     	;# 
   140  000D                     	;# 
   141  000E                     	;# 
   142  000E                     	;# 
   143  000F                     	;# 
   144  0010                     	;# 
   145  0011                     	;# 
   146  0012                     	;# 
   147  0013                     	;# 
   148  0014                     	;# 
   149  0015                     	;# 
   150  0015                     	;# 
   151  0016                     	;# 
   152  0017                     	;# 
   153  0018                     	;# 
   154  0019                     	;# 
   155  001A                     	;# 
   156  001B                     	;# 
   157  001B                     	;# 
   158  001C                     	;# 
   159  001D                     	;# 
   160  001E                     	;# 
   161  001F                     	;# 
   162  0081                     	;# 
   163  0085                     	;# 
   164  0086                     	;# 
   165  0087                     	;# 
   166  0088                     	;# 
   167  0089                     	;# 
   168  008C                     	;# 
   169  008D                     	;# 
   170  008E                     	;# 
   171  008F                     	;# 
   172  0090                     	;# 
   173  0091                     	;# 
   174  0092                     	;# 
   175  0093                     	;# 
   176  0093                     	;# 
   177  0093                     	;# 
   178  0094                     	;# 
   179  0095                     	;# 
   180  0096                     	;# 
   181  0097                     	;# 
   182  0098                     	;# 
   183  0099                     	;# 
   184  009A                     	;# 
   185  009B                     	;# 
   186  009C                     	;# 
   187  009D                     	;# 
   188  009E                     	;# 
   189  009F                     	;# 
   190  0105                     	;# 
   191  0107                     	;# 
   192  0108                     	;# 
   193  0109                     	;# 
   194  010C                     	;# 
   195  010C                     	;# 
   196  010D                     	;# 
   197  010E                     	;# 
   198  010F                     	;# 
   199  0185                     	;# 
   200  0187                     	;# 
   201  0188                     	;# 
   202  0189                     	;# 
   203  018C                     	;# 
   204  018D                     	;# 
   205  0000                     	;# 
   206  0001                     	;# 
   207  0002                     	;# 
   208  0003                     	;# 
   209  0004                     	;# 
   210  0005                     	;# 
   211  0006                     	;# 
   212  0007                     	;# 
   213  0008                     	;# 
   214  0009                     	;# 
   215  000A                     	;# 
   216  000B                     	;# 
   217  000C                     	;# 
   218  000D                     	;# 
   219  000E                     	;# 
   220  000E                     	;# 
   221  000F                     	;# 
   222  0010                     	;# 
   223  0011                     	;# 
   224  0012                     	;# 
   225  0013                     	;# 
   226  0014                     	;# 
   227  0015                     	;# 
   228  0015                     	;# 
   229  0016                     	;# 
   230  0017                     	;# 
   231  0018                     	;# 
   232  0019                     	;# 
   233  001A                     	;# 
   234  001B                     	;# 
   235  001B                     	;# 
   236  001C                     	;# 
   237  001D                     	;# 
   238  001E                     	;# 
   239  001F                     	;# 
   240  0081                     	;# 
   241  0085                     	;# 
   242  0086                     	;# 
   243  0087                     	;# 
   244  0088                     	;# 
   245  0089                     	;# 
   246  008C                     	;# 
   247  008D                     	;# 
   248  008E                     	;# 
   249  008F                     	;# 
   250  0090                     	;# 
   251  0091                     	;# 
   252  0092                     	;# 
   253  0093                     	;# 
   254  0093                     	;# 
   255  0093                     	;# 
   256  0094                     	;# 
   257  0095                     	;# 
   258  0096                     	;# 
   259  0097                     	;# 
   260  0098                     	;# 
   261  0099                     	;# 
   262  009A                     	;# 
   263  009B                     	;# 
   264  009C                     	;# 
   265  009D                     	;# 
   266  009E                     	;# 
   267  009F                     	;# 
   268  0105                     	;# 
   269  0107                     	;# 
   270  0108                     	;# 
   271  0109                     	;# 
   272  010C                     	;# 
   273  010C                     	;# 
   274  010D                     	;# 
   275  010E                     	;# 
   276  010F                     	;# 
   277  0185                     	;# 
   278  0187                     	;# 
   279  0188                     	;# 
   280  0189                     	;# 
   281  018C                     	;# 
   282  018D                     	;# 
   283  0000                     	;# 
   284  0001                     	;# 
   285  0002                     	;# 
   286  0003                     	;# 
   287  0004                     	;# 
   288  0005                     	;# 
   289  0006                     	;# 
   290  0007                     	;# 
   291  0008                     	;# 
   292  0009                     	;# 
   293  000A                     	;# 
   294  000B                     	;# 
   295  000C                     	;# 
   296  000D                     	;# 
   297  000E                     	;# 
   298  000E                     	;# 
   299  000F                     	;# 
   300  0010                     	;# 
   301  0011                     	;# 
   302  0012                     	;# 
   303  0013                     	;# 
   304  0014                     	;# 
   305  0015                     	;# 
   306  0015                     	;# 
   307  0016                     	;# 
   308  0017                     	;# 
   309  0018                     	;# 
   310  0019                     	;# 
   311  001A                     	;# 
   312  001B                     	;# 
   313  001B                     	;# 
   314  001C                     	;# 
   315  001D                     	;# 
   316  001E                     	;# 
   317  001F                     	;# 
   318  0081                     	;# 
   319  0085                     	;# 
   320  0086                     	;# 
   321  0087                     	;# 
   322  0088                     	;# 
   323  0089                     	;# 
   324  008C                     	;# 
   325  008D                     	;# 
   326  008E                     	;# 
   327  008F                     	;# 
   328  0090                     	;# 
   329  0091                     	;# 
   330  0092                     	;# 
   331  0093                     	;# 
   332  0093                     	;# 
   333  0093                     	;# 
   334  0094                     	;# 
   335  0095                     	;# 
   336  0096                     	;# 
   337  0097                     	;# 
   338  0098                     	;# 
   339  0099                     	;# 
   340  009A                     	;# 
   341  009B                     	;# 
   342  009C                     	;# 
   343  009D                     	;# 
   344  009E                     	;# 
   345  009F                     	;# 
   346  0105                     	;# 
   347  0107                     	;# 
   348  0108                     	;# 
   349  0109                     	;# 
   350  010C                     	;# 
   351  010C                     	;# 
   352  010D                     	;# 
   353  010E                     	;# 
   354  010F                     	;# 
   355  0185                     	;# 
   356  0187                     	;# 
   357  0188                     	;# 
   358  0189                     	;# 
   359  018C                     	;# 
   360  018D                     	;# 
   361  0014                     _SSPCON	set	20
   362  000B                     _INTCONbits	set	11
   363  0006                     _PORTB	set	6
   364  0005                     _PORTA	set	5
   365  001E                     _ADRESH	set	30
   366  001F                     _ADCON0bits	set	31
   367  0013                     _SSPBUF	set	19
   368  0014                     _SSPCONbits	set	20
   369  000C                     _PIR1bits	set	12
   370  0063                     _SSPIF	set	99
   371  005E                     _PEIE	set	94
   372  005F                     _GIE	set	95
   373  0091                     _SSPCON2bits	set	145
   374  0087                     _TRISCbits	set	135
   375  0094                     _SSPSTAT	set	148
   376  0093                     _SSPADD	set	147
   377  0091                     _SSPCON2	set	145
   378  009F                     _ADCON1bits	set	159
   379  009F                     _ADCON1	set	159
   380  0086                     _TRISB	set	134
   381  0085                     _TRISA	set	133
   382  0094                     _SSPSTATbits	set	148
   383  0463                     _SSPIE	set	1123
   384  043C                     _TRISC4	set	1084
   385  043B                     _TRISC3	set	1083
   386  04A0                     _BF	set	1184
   387  0189                     _ANSELH	set	393
   388  0188                     _ANSEL	set	392
   389                           
   390                           ; #config settings
   391  0000                     
   392                           	psect	cinit
   393  000F                     start_initialization:	
   394  000F                     __initialization:	
   395                           
   396                           ; Clear objects allocated to COMMON
   397  000F  01F8               	clrf	__pbssCOMMON& (0+127)
   398  0010  01F9               	clrf	(__pbssCOMMON+1)& (0+127)
   399  0011                     end_of_initialization:	
   400                           ;End of C runtime variable initialization code
   401                           
   402  0011                     __end_of__initialization:	
   403  0011  0183               	clrf	3
   404  0012  120A  118A  28F6   	ljmp	_main	;jump to C main() function
   405                           
   406                           	psect	bssCOMMON
   407  0078                     __pbssCOMMON:	
   408  0078                     _z:	
   409  0078                     	ds	1
   410  0079                     _ADC_Temp:	
   411  0079                     	ds	1
   412                           
   413                           	psect	cstackCOMMON
   414  0070                     __pcstackCOMMON:	
   415  0070                     ?_init_config:	
   416  0070                     ?_I2C_Slave_Init:	
   417                           ; 1 bytes @ 0x0
   418                           
   419  0070                     ?_ADC_chanel:	
   420                           ; 1 bytes @ 0x0
   421                           
   422  0070                     ?_isr:	
   423                           ; 1 bytes @ 0x0
   424                           
   425  0070                     ??_isr:	
   426                           ; 1 bytes @ 0x0
   427                           
   428  0070                     ?_main:	
   429                           ; 1 bytes @ 0x0
   430                           
   431                           
   432                           ; 1 bytes @ 0x0
   433  0070                     	ds	3
   434  0073                     ??_init_config:	
   435  0073                     ??_I2C_Slave_Init:	
   436                           ; 1 bytes @ 0x3
   437                           
   438  0073                     ??_ADC_chanel:	
   439                           ; 1 bytes @ 0x3
   440                           
   441  0073                     I2C_Slave_Init@address:	
   442                           ; 1 bytes @ 0x3
   443                           
   444                           
   445                           ; 1 bytes @ 0x3
   446  0073                     	ds	2
   447  0075                     ADC_chanel@channel:	
   448                           
   449                           ; 1 bytes @ 0x5
   450  0075                     	ds	1
   451  0076                     ??_main:	
   452                           
   453                           ; 1 bytes @ 0x6
   454  0076                     	ds	2
   455                           
   456                           	psect	maintext
   457  00F6                     __pmaintext:	
   458 ;;
   459 ;;Main: autosize = 0, tempsize = 2, incstack = 0, save=0
   460 ;;
   461 ;; *************** function _main *****************
   462 ;; Defined at:
   463 ;;		line 78 in file "Lab5_Slave3_Temp.c"
   464 ;; Parameters:    Size  Location     Type
   465 ;;		None
   466 ;; Auto vars:     Size  Location     Type
   467 ;;		None
   468 ;; Return value:  Size  Location     Type
   469 ;;                  1    wreg      void 
   470 ;; Registers used:
   471 ;;		wreg, fsr0l, fsr0h, status,2, status,0, pclath, cstack
   472 ;; Tracked objects:
   473 ;;		On entry : B00/0
   474 ;;		On exit  : 0/0
   475 ;;		Unchanged: 0/0
   476 ;; Data sizes:     COMMON   BANK0   BANK1   BANK3   BANK2
   477 ;;      Params:         0       0       0       0       0
   478 ;;      Locals:         0       0       0       0       0
   479 ;;      Temps:          2       0       0       0       0
   480 ;;      Totals:         2       0       0       0       0
   481 ;;Total ram usage:        2 bytes
   482 ;; Hardware stack levels required when called:    2
   483 ;; This function calls:
   484 ;;		_ADC_chanel
   485 ;;		_I2C_Slave_Init
   486 ;;		_init_config
   487 ;; This function is called by:
   488 ;;		Startup code after reset
   489 ;; This function uses a non-reentrant model
   490 ;;
   491                           
   492                           
   493                           ;psect for function _main
   494  00F6                     _main:	
   495  00F6                     l806:	
   496                           ;incstack = 0
   497                           ; Regs used in _main: [wreg-fsr0h+status,2+status,0+pclath+cstack]
   498                           
   499                           
   500                           ;Lab5_Slave3_Temp.c: 79:     init_config();
   501  00F6  120A  118A  2136  120A  118A  	fcall	_init_config
   502                           
   503                           ;Lab5_Slave3_Temp.c: 80:     I2C_Slave_Init(0x70);
   504  00FB  3070               	movlw	112
   505  00FC  120A  118A  211C  120A  118A  	fcall	_I2C_Slave_Init
   506  0101                     l808:	
   507                           
   508                           ;Lab5_Slave3_Temp.c: 84:         ADC_chanel(0);
   509  0101  3000               	movlw	0
   510  0102  120A  118A  2015  120A  118A  	fcall	_ADC_chanel
   511  0107                     l810:	
   512                           
   513                           ;Lab5_Slave3_Temp.c: 85:         PIR1bits.ADIF = 0;
   514  0107  1283               	bcf	3,5	;RP0=0, select bank0
   515  0108  1303               	bcf	3,6	;RP1=0, select bank0
   516  0109  130C               	bcf	12,6	;volatile
   517  010A                     l812:	
   518                           
   519                           ;Lab5_Slave3_Temp.c: 86:         ADCON0bits.GO = 1;
   520  010A  149F               	bsf	31,1	;volatile
   521  010B                     l814:	
   522                           
   523                           ;Lab5_Slave3_Temp.c: 87:         ADC_Temp = ADRESH;
   524  010B  081E               	movf	30,w	;volatile
   525  010C  00F6               	movwf	??_main
   526  010D  0876               	movf	??_main,w
   527  010E  00F9               	movwf	_ADC_Temp
   528  010F                     l816:	
   529                           
   530                           ;Lab5_Slave3_Temp.c: 90:         _delay((unsigned long)((5)*(8000000/4000.0)));
   531  010F  300D               	movlw	13
   532  0110  00F7               	movwf	??_main+1
   533  0111  30FB               	movlw	251
   534  0112  00F6               	movwf	??_main
   535  0113                     u117:	
   536  0113  0BF6               	decfsz	??_main,f
   537  0114  2913               	goto	u117
   538  0115  0BF7               	decfsz	??_main+1,f
   539  0116  2913               	goto	u117
   540  0117  2918               	nop2
   541  0118  2901               	goto	l808
   542  0119  120A  118A  280C   	ljmp	start
   543  011C                     __end_of_main:	
   544                           
   545                           	psect	text1
   546  0136                     __ptext1:	
   547 ;; *************** function _init_config *****************
   548 ;; Defined at:
   549 ;;		line 96 in file "Lab5_Slave3_Temp.c"
   550 ;; Parameters:    Size  Location     Type
   551 ;;		None
   552 ;; Auto vars:     Size  Location     Type
   553 ;;		None
   554 ;; Return value:  Size  Location     Type
   555 ;;                  1    wreg      void 
   556 ;; Registers used:
   557 ;;		wreg, status,2
   558 ;; Tracked objects:
   559 ;;		On entry : 0/0
   560 ;;		On exit  : 0/0
   561 ;;		Unchanged: 0/0
   562 ;; Data sizes:     COMMON   BANK0   BANK1   BANK3   BANK2
   563 ;;      Params:         0       0       0       0       0
   564 ;;      Locals:         0       0       0       0       0
   565 ;;      Temps:          0       0       0       0       0
   566 ;;      Totals:         0       0       0       0       0
   567 ;;Total ram usage:        0 bytes
   568 ;; Hardware stack levels used:    1
   569 ;; Hardware stack levels required when called:    1
   570 ;; This function calls:
   571 ;;		Nothing
   572 ;; This function is called by:
   573 ;;		_main
   574 ;; This function uses a non-reentrant model
   575 ;;
   576                           
   577                           
   578                           ;psect for function _init_config
   579  0136                     _init_config:	
   580  0136                     l740:	
   581                           ;incstack = 0
   582                           ; Regs used in _init_config: [wreg+status,2]
   583                           
   584                           
   585                           ;Lab5_Slave3_Temp.c: 97:     TRISA = 0b00000001;
   586  0136  3001               	movlw	1
   587  0137  1683               	bsf	3,5	;RP0=1, select bank1
   588  0138  1303               	bcf	3,6	;RP1=0, select bank1
   589  0139  0085               	movwf	5	;volatile
   590                           
   591                           ;Lab5_Slave3_Temp.c: 98:     ANSEL = 0b00000001;
   592  013A  3001               	movlw	1
   593  013B  1683               	bsf	3,5	;RP0=1, select bank3
   594  013C  1703               	bsf	3,6	;RP1=1, select bank3
   595  013D  0088               	movwf	8	;volatile
   596  013E                     l742:	
   597                           
   598                           ;Lab5_Slave3_Temp.c: 99:     TRISB = 0x00;
   599  013E  1683               	bsf	3,5	;RP0=1, select bank1
   600  013F  1303               	bcf	3,6	;RP1=0, select bank1
   601  0140  0186               	clrf	6	;volatile
   602  0141                     l744:	
   603                           
   604                           ;Lab5_Slave3_Temp.c: 100:     ANSELH = 0x00;
   605  0141  1683               	bsf	3,5	;RP0=1, select bank3
   606  0142  1703               	bsf	3,6	;RP1=1, select bank3
   607  0143  0189               	clrf	9	;volatile
   608  0144                     l746:	
   609                           
   610                           ;Lab5_Slave3_Temp.c: 101:     ADCON1 = 0;
   611  0144  1683               	bsf	3,5	;RP0=1, select bank1
   612  0145  1303               	bcf	3,6	;RP1=0, select bank1
   613  0146  019F               	clrf	31	;volatile
   614  0147                     l748:	
   615                           
   616                           ;Lab5_Slave3_Temp.c: 103:     PORTA = 0;
   617  0147  1283               	bcf	3,5	;RP0=0, select bank0
   618  0148  1303               	bcf	3,6	;RP1=0, select bank0
   619  0149  0185               	clrf	5	;volatile
   620  014A                     l750:	
   621                           
   622                           ;Lab5_Slave3_Temp.c: 104:     PORTB = 0x00;
   623  014A  0186               	clrf	6	;volatile
   624  014B                     l752:	
   625                           
   626                           ;Lab5_Slave3_Temp.c: 106:     INTCONbits.GIE = 1;
   627  014B  178B               	bsf	11,7	;volatile
   628  014C                     l754:	
   629                           
   630                           ;Lab5_Slave3_Temp.c: 107:     INTCONbits.PEIE = 1;
   631  014C  170B               	bsf	11,6	;volatile
   632  014D                     l67:	
   633  014D  0008               	return
   634  014E                     __end_of_init_config:	
   635                           
   636                           	psect	text2
   637  011C                     __ptext2:	
   638 ;; *************** function _I2C_Slave_Init *****************
   639 ;; Defined at:
   640 ;;		line 93 in file "I2C.c"
   641 ;; Parameters:    Size  Location     Type
   642 ;;  address         1    wreg     unsigned char 
   643 ;; Auto vars:     Size  Location     Type
   644 ;;  address         1    3[COMMON] unsigned char 
   645 ;; Return value:  Size  Location     Type
   646 ;;                  1    wreg      void 
   647 ;; Registers used:
   648 ;;		wreg
   649 ;; Tracked objects:
   650 ;;		On entry : 0/0
   651 ;;		On exit  : 0/0
   652 ;;		Unchanged: 0/0
   653 ;; Data sizes:     COMMON   BANK0   BANK1   BANK3   BANK2
   654 ;;      Params:         0       0       0       0       0
   655 ;;      Locals:         1       0       0       0       0
   656 ;;      Temps:          0       0       0       0       0
   657 ;;      Totals:         1       0       0       0       0
   658 ;;Total ram usage:        1 bytes
   659 ;; Hardware stack levels used:    1
   660 ;; Hardware stack levels required when called:    1
   661 ;; This function calls:
   662 ;;		Nothing
   663 ;; This function is called by:
   664 ;;		_main
   665 ;; This function uses a non-reentrant model
   666 ;;
   667                           
   668                           
   669                           ;psect for function _I2C_Slave_Init
   670  011C                     _I2C_Slave_Init:	
   671                           
   672                           ;incstack = 0
   673                           ; Regs used in _I2C_Slave_Init: [wreg]
   674                           ;I2C_Slave_Init@address stored from wreg
   675  011C  00F3               	movwf	I2C_Slave_Init@address
   676  011D                     l756:	
   677                           
   678                           ;I2C.c: 93: void I2C_Slave_Init(uint8_t address);I2C.c: 94: {;I2C.c: 95:     SSPADD = ad
      +                          dress;
   679  011D  0873               	movf	I2C_Slave_Init@address,w
   680  011E  1683               	bsf	3,5	;RP0=1, select bank1
   681  011F  1303               	bcf	3,6	;RP1=0, select bank1
   682  0120  0093               	movwf	19	;volatile
   683                           
   684                           ;I2C.c: 96:     SSPCON = 0x36;
   685  0121  3036               	movlw	54
   686  0122  1283               	bcf	3,5	;RP0=0, select bank0
   687  0123  1303               	bcf	3,6	;RP1=0, select bank0
   688  0124  0094               	movwf	20	;volatile
   689                           
   690                           ;I2C.c: 97:     SSPSTAT = 0x80;
   691  0125  3080               	movlw	128
   692  0126  1683               	bsf	3,5	;RP0=1, select bank1
   693  0127  1303               	bcf	3,6	;RP1=0, select bank1
   694  0128  0094               	movwf	20	;volatile
   695                           
   696                           ;I2C.c: 98:     SSPCON2 = 0x01;
   697  0129  3001               	movlw	1
   698  012A  0091               	movwf	17	;volatile
   699  012B                     l758:	
   700                           
   701                           ;I2C.c: 99:     TRISC3 = 1;
   702  012B  1587               	bsf	7,3	;volatile
   703  012C                     l760:	
   704                           
   705                           ;I2C.c: 100:     TRISC4 = 1;
   706  012C  1607               	bsf	7,4	;volatile
   707  012D                     l762:	
   708                           
   709                           ;I2C.c: 101:     GIE = 1;
   710  012D  178B               	bsf	11,7	;volatile
   711  012E                     l764:	
   712                           
   713                           ;I2C.c: 102:     PEIE = 1;
   714  012E  170B               	bsf	11,6	;volatile
   715  012F                     l766:	
   716                           
   717                           ;I2C.c: 103:     SSPIF = 0;
   718  012F  1283               	bcf	3,5	;RP0=0, select bank0
   719  0130  1303               	bcf	3,6	;RP1=0, select bank0
   720  0131  118C               	bcf	12,3	;volatile
   721  0132                     l768:	
   722                           
   723                           ;I2C.c: 104:     SSPIE = 1;
   724  0132  1683               	bsf	3,5	;RP0=1, select bank1
   725  0133  1303               	bcf	3,6	;RP1=0, select bank1
   726  0134  158C               	bsf	12,3	;volatile
   727  0135                     l148:	
   728  0135  0008               	return
   729  0136                     __end_of_I2C_Slave_Init:	
   730                           
   731                           	psect	text3
   732  0015                     __ptext3:	
   733 ;; *************** function _ADC_chanel *****************
   734 ;; Defined at:
   735 ;;		line 12 in file "ADC_CH.c"
   736 ;; Parameters:    Size  Location     Type
   737 ;;  channel         1    wreg     unsigned char 
   738 ;; Auto vars:     Size  Location     Type
   739 ;;  channel         1    5[COMMON] unsigned char 
   740 ;; Return value:  Size  Location     Type
   741 ;;                  1    wreg      void 
   742 ;; Registers used:
   743 ;;		wreg, fsr0l, fsr0h, status,2, status,0
   744 ;; Tracked objects:
   745 ;;		On entry : 0/0
   746 ;;		On exit  : 0/0
   747 ;;		Unchanged: 0/0
   748 ;; Data sizes:     COMMON   BANK0   BANK1   BANK3   BANK2
   749 ;;      Params:         0       0       0       0       0
   750 ;;      Locals:         1       0       0       0       0
   751 ;;      Temps:          2       0       0       0       0
   752 ;;      Totals:         3       0       0       0       0
   753 ;;Total ram usage:        3 bytes
   754 ;; Hardware stack levels used:    1
   755 ;; Hardware stack levels required when called:    1
   756 ;; This function calls:
   757 ;;		Nothing
   758 ;; This function is called by:
   759 ;;		_main
   760 ;; This function uses a non-reentrant model
   761 ;;
   762                           
   763                           
   764                           ;psect for function _ADC_chanel
   765  0015                     _ADC_chanel:	
   766                           
   767                           ;incstack = 0
   768                           ; Regs used in _ADC_chanel: [wreg-fsr0h+status,2+status,0]
   769                           ;ADC_chanel@channel stored from wreg
   770  0015  00F5               	movwf	ADC_chanel@channel
   771  0016                     l770:	
   772                           
   773                           ;ADC_CH.c: 13:         ADCON0bits.ADCS1 = 0;
   774  0016  1283               	bcf	3,5	;RP0=0, select bank0
   775  0017  1303               	bcf	3,6	;RP1=0, select bank0
   776  0018  139F               	bcf	31,7	;volatile
   777                           
   778                           ;ADC_CH.c: 14:         ADCON0bits.ADCS0 = 1;
   779  0019  171F               	bsf	31,6	;volatile
   780                           
   781                           ;ADC_CH.c: 16:     switch(channel){
   782  001A  2870               	goto	l774
   783  001B                     l75:	
   784                           ;ADC_CH.c: 17:         case 0:
   785                           
   786                           
   787                           ;ADC_CH.c: 18:             ADCON0bits.CHS3 = 0;
   788  001B  129F               	bcf	31,5	;volatile
   789                           
   790                           ;ADC_CH.c: 19:             ADCON0bits.CHS2 = 0;
   791  001C  121F               	bcf	31,4	;volatile
   792                           
   793                           ;ADC_CH.c: 20:             ADCON0bits.CHS1 = 0;
   794  001D  119F               	bcf	31,3	;volatile
   795                           
   796                           ;ADC_CH.c: 21:             ADCON0bits.CHS0 = 0;
   797  001E  111F               	bcf	31,2	;volatile
   798                           
   799                           ;ADC_CH.c: 22:             break;
   800  001F  28AA               	goto	l76
   801  0020                     l77:	
   802                           ;ADC_CH.c: 23:         case 1:
   803                           
   804                           
   805                           ;ADC_CH.c: 24:             ADCON0bits.CHS3 = 0;
   806  0020  129F               	bcf	31,5	;volatile
   807                           
   808                           ;ADC_CH.c: 25:             ADCON0bits.CHS2 = 0;
   809  0021  121F               	bcf	31,4	;volatile
   810                           
   811                           ;ADC_CH.c: 26:             ADCON0bits.CHS1 = 0;
   812  0022  119F               	bcf	31,3	;volatile
   813                           
   814                           ;ADC_CH.c: 27:             ADCON0bits.CHS0 = 1;
   815  0023  151F               	bsf	31,2	;volatile
   816                           
   817                           ;ADC_CH.c: 28:             break;
   818  0024  28AA               	goto	l76
   819  0025                     l78:	
   820                           ;ADC_CH.c: 29:         case 2:
   821                           
   822                           
   823                           ;ADC_CH.c: 30:             ADCON0bits.CHS3 = 0;
   824  0025  129F               	bcf	31,5	;volatile
   825                           
   826                           ;ADC_CH.c: 31:             ADCON0bits.CHS2 = 0;
   827  0026  121F               	bcf	31,4	;volatile
   828                           
   829                           ;ADC_CH.c: 32:             ADCON0bits.CHS1 = 1;
   830  0027  159F               	bsf	31,3	;volatile
   831                           
   832                           ;ADC_CH.c: 33:             ADCON0bits.CHS0 = 0;
   833  0028  111F               	bcf	31,2	;volatile
   834                           
   835                           ;ADC_CH.c: 34:             break;
   836  0029  28AA               	goto	l76
   837  002A                     l79:	
   838                           ;ADC_CH.c: 35:         case 3:
   839                           
   840                           
   841                           ;ADC_CH.c: 36:             ADCON0bits.CHS3 = 0;
   842  002A  129F               	bcf	31,5	;volatile
   843                           
   844                           ;ADC_CH.c: 37:             ADCON0bits.CHS2 = 0;
   845  002B  121F               	bcf	31,4	;volatile
   846                           
   847                           ;ADC_CH.c: 38:             ADCON0bits.CHS1 = 1;
   848  002C  159F               	bsf	31,3	;volatile
   849                           
   850                           ;ADC_CH.c: 39:             ADCON0bits.CHS0 = 1;
   851  002D  151F               	bsf	31,2	;volatile
   852                           
   853                           ;ADC_CH.c: 40:             break;
   854  002E  28AA               	goto	l76
   855  002F                     l80:	
   856                           ;ADC_CH.c: 41:         case 4:
   857                           
   858                           
   859                           ;ADC_CH.c: 42:             ADCON0bits.CHS3 = 0;
   860  002F  129F               	bcf	31,5	;volatile
   861                           
   862                           ;ADC_CH.c: 43:             ADCON0bits.CHS2 = 1;
   863  0030  161F               	bsf	31,4	;volatile
   864                           
   865                           ;ADC_CH.c: 44:             ADCON0bits.CHS1 = 0;
   866  0031  119F               	bcf	31,3	;volatile
   867                           
   868                           ;ADC_CH.c: 45:             ADCON0bits.CHS0 = 0;
   869  0032  111F               	bcf	31,2	;volatile
   870                           
   871                           ;ADC_CH.c: 46:             break;
   872  0033  28AA               	goto	l76
   873  0034                     l81:	
   874                           ;ADC_CH.c: 47:         case 5:
   875                           
   876                           
   877                           ;ADC_CH.c: 48:             ADCON0bits.CHS3 = 0;
   878  0034  129F               	bcf	31,5	;volatile
   879                           
   880                           ;ADC_CH.c: 49:             ADCON0bits.CHS2 = 1;
   881  0035  161F               	bsf	31,4	;volatile
   882                           
   883                           ;ADC_CH.c: 50:             ADCON0bits.CHS1 = 0;
   884  0036  119F               	bcf	31,3	;volatile
   885                           
   886                           ;ADC_CH.c: 51:             ADCON0bits.CHS0 = 1;
   887  0037  151F               	bsf	31,2	;volatile
   888                           
   889                           ;ADC_CH.c: 52:             break;
   890  0038  28AA               	goto	l76
   891  0039                     l82:	
   892                           ;ADC_CH.c: 53:         case 6:
   893                           
   894                           
   895                           ;ADC_CH.c: 54:             ADCON0bits.CHS3 = 0;
   896  0039  129F               	bcf	31,5	;volatile
   897                           
   898                           ;ADC_CH.c: 55:             ADCON0bits.CHS2 = 1;
   899  003A  161F               	bsf	31,4	;volatile
   900                           
   901                           ;ADC_CH.c: 56:             ADCON0bits.CHS1 = 1;
   902  003B  159F               	bsf	31,3	;volatile
   903                           
   904                           ;ADC_CH.c: 57:             ADCON0bits.CHS0 = 0;
   905  003C  111F               	bcf	31,2	;volatile
   906                           
   907                           ;ADC_CH.c: 58:             break;
   908  003D  28AA               	goto	l76
   909  003E                     l83:	
   910                           ;ADC_CH.c: 59:         case 7:
   911                           
   912                           
   913                           ;ADC_CH.c: 60:             ADCON0bits.CHS3 = 0;
   914  003E  129F               	bcf	31,5	;volatile
   915                           
   916                           ;ADC_CH.c: 61:             ADCON0bits.CHS2 = 1;
   917  003F  161F               	bsf	31,4	;volatile
   918                           
   919                           ;ADC_CH.c: 62:             ADCON0bits.CHS1 = 1;
   920  0040  159F               	bsf	31,3	;volatile
   921                           
   922                           ;ADC_CH.c: 63:             ADCON0bits.CHS0 = 1;
   923  0041  151F               	bsf	31,2	;volatile
   924                           
   925                           ;ADC_CH.c: 64:             break;
   926  0042  28AA               	goto	l76
   927  0043                     l84:	
   928                           ;ADC_CH.c: 65:         case 8:
   929                           
   930                           
   931                           ;ADC_CH.c: 66:             ADCON0bits.CHS3 = 1;
   932  0043  169F               	bsf	31,5	;volatile
   933                           
   934                           ;ADC_CH.c: 67:             ADCON0bits.CHS2 = 0;
   935  0044  121F               	bcf	31,4	;volatile
   936                           
   937                           ;ADC_CH.c: 68:             ADCON0bits.CHS1 = 0;
   938  0045  119F               	bcf	31,3	;volatile
   939                           
   940                           ;ADC_CH.c: 69:             ADCON0bits.CHS0 = 0;
   941  0046  111F               	bcf	31,2	;volatile
   942                           
   943                           ;ADC_CH.c: 70:             break;
   944  0047  28AA               	goto	l76
   945  0048                     l85:	
   946                           ;ADC_CH.c: 71:         case 9:
   947                           
   948                           
   949                           ;ADC_CH.c: 72:             ADCON0bits.CHS3 = 1;
   950  0048  169F               	bsf	31,5	;volatile
   951                           
   952                           ;ADC_CH.c: 73:             ADCON0bits.CHS2 = 0;
   953  0049  121F               	bcf	31,4	;volatile
   954                           
   955                           ;ADC_CH.c: 74:             ADCON0bits.CHS1 = 0;
   956  004A  119F               	bcf	31,3	;volatile
   957                           
   958                           ;ADC_CH.c: 75:             ADCON0bits.CHS0 = 1;
   959  004B  151F               	bsf	31,2	;volatile
   960                           
   961                           ;ADC_CH.c: 76:             break;
   962  004C  28AA               	goto	l76
   963  004D                     l86:	
   964                           ;ADC_CH.c: 77:         case 10:
   965                           
   966                           
   967                           ;ADC_CH.c: 78:             ADCON0bits.CHS3 = 1;
   968  004D  169F               	bsf	31,5	;volatile
   969                           
   970                           ;ADC_CH.c: 79:             ADCON0bits.CHS2 = 0;
   971  004E  121F               	bcf	31,4	;volatile
   972                           
   973                           ;ADC_CH.c: 80:             ADCON0bits.CHS1 = 1;
   974  004F  159F               	bsf	31,3	;volatile
   975                           
   976                           ;ADC_CH.c: 81:             ADCON0bits.CHS0 = 0;
   977  0050  111F               	bcf	31,2	;volatile
   978                           
   979                           ;ADC_CH.c: 82:             break;
   980  0051  28AA               	goto	l76
   981  0052                     l87:	
   982                           ;ADC_CH.c: 83:         case 11:
   983                           
   984                           
   985                           ;ADC_CH.c: 84:             ADCON0bits.CHS3 = 1;
   986  0052  169F               	bsf	31,5	;volatile
   987                           
   988                           ;ADC_CH.c: 85:             ADCON0bits.CHS2 = 0;
   989  0053  121F               	bcf	31,4	;volatile
   990                           
   991                           ;ADC_CH.c: 86:             ADCON0bits.CHS1 = 1;
   992  0054  159F               	bsf	31,3	;volatile
   993                           
   994                           ;ADC_CH.c: 87:             ADCON0bits.CHS0 = 1;
   995  0055  151F               	bsf	31,2	;volatile
   996                           
   997                           ;ADC_CH.c: 88:             break;
   998  0056  28AA               	goto	l76
   999  0057                     l88:	
  1000                           ;ADC_CH.c: 89:         case 12:
  1001                           
  1002                           
  1003                           ;ADC_CH.c: 90:             ADCON0bits.CHS3 = 1;
  1004  0057  169F               	bsf	31,5	;volatile
  1005                           
  1006                           ;ADC_CH.c: 91:             ADCON0bits.CHS2 = 1;
  1007  0058  161F               	bsf	31,4	;volatile
  1008                           
  1009                           ;ADC_CH.c: 92:             ADCON0bits.CHS1 = 0;
  1010  0059  119F               	bcf	31,3	;volatile
  1011                           
  1012                           ;ADC_CH.c: 93:             ADCON0bits.CHS0 = 0;
  1013  005A  111F               	bcf	31,2	;volatile
  1014                           
  1015                           ;ADC_CH.c: 94:             break;
  1016  005B  28AA               	goto	l76
  1017  005C                     l89:	
  1018                           ;ADC_CH.c: 95:         case 13:
  1019                           
  1020                           
  1021                           ;ADC_CH.c: 96:             ADCON0bits.CHS3 = 1;
  1022  005C  169F               	bsf	31,5	;volatile
  1023                           
  1024                           ;ADC_CH.c: 97:             ADCON0bits.CHS2 = 1;
  1025  005D  161F               	bsf	31,4	;volatile
  1026                           
  1027                           ;ADC_CH.c: 98:             ADCON0bits.CHS1 = 0;
  1028  005E  119F               	bcf	31,3	;volatile
  1029                           
  1030                           ;ADC_CH.c: 99:             ADCON0bits.CHS0 = 1;
  1031  005F  151F               	bsf	31,2	;volatile
  1032                           
  1033                           ;ADC_CH.c: 100:             break;
  1034  0060  28AA               	goto	l76
  1035  0061                     l90:	
  1036                           ;ADC_CH.c: 101:         case 14:
  1037                           
  1038                           
  1039                           ;ADC_CH.c: 102:             ADCON0bits.CHS3 = 1;
  1040  0061  169F               	bsf	31,5	;volatile
  1041                           
  1042                           ;ADC_CH.c: 103:             ADCON0bits.CHS2 = 1;
  1043  0062  161F               	bsf	31,4	;volatile
  1044                           
  1045                           ;ADC_CH.c: 104:             ADCON0bits.CHS1 = 1;
  1046  0063  159F               	bsf	31,3	;volatile
  1047                           
  1048                           ;ADC_CH.c: 105:             ADCON0bits.CHS0 = 0;
  1049  0064  111F               	bcf	31,2	;volatile
  1050                           
  1051                           ;ADC_CH.c: 106:             break;
  1052  0065  28AA               	goto	l76
  1053  0066                     l91:	
  1054                           ;ADC_CH.c: 107:         case 15:
  1055                           
  1056                           
  1057                           ;ADC_CH.c: 108:             ADCON0bits.CHS3 = 1;
  1058  0066  169F               	bsf	31,5	;volatile
  1059                           
  1060                           ;ADC_CH.c: 109:             ADCON0bits.CHS2 = 1;
  1061  0067  161F               	bsf	31,4	;volatile
  1062                           
  1063                           ;ADC_CH.c: 110:             ADCON0bits.CHS1 = 1;
  1064  0068  159F               	bsf	31,3	;volatile
  1065                           
  1066                           ;ADC_CH.c: 111:             ADCON0bits.CHS0 = 1;
  1067  0069  151F               	bsf	31,2	;volatile
  1068                           
  1069                           ;ADC_CH.c: 112:             break;
  1070  006A  28AA               	goto	l76
  1071  006B                     l92:	
  1072                           ;ADC_CH.c: 113:         default:
  1073                           
  1074                           
  1075                           ;ADC_CH.c: 114:             ADCON0bits.CHS3 = 0;
  1076  006B  129F               	bcf	31,5	;volatile
  1077                           
  1078                           ;ADC_CH.c: 115:             ADCON0bits.CHS2 = 0;
  1079  006C  121F               	bcf	31,4	;volatile
  1080                           
  1081                           ;ADC_CH.c: 116:             ADCON0bits.CHS1 = 0;
  1082  006D  119F               	bcf	31,3	;volatile
  1083                           
  1084                           ;ADC_CH.c: 117:             ADCON0bits.CHS0 = 0;
  1085  006E  111F               	bcf	31,2	;volatile
  1086                           
  1087                           ;ADC_CH.c: 118:             break;
  1088  006F  28AA               	goto	l76
  1089  0070                     l774:	
  1090  0070  0875               	movf	ADC_chanel@channel,w
  1091  0071  00F3               	movwf	??_ADC_chanel
  1092  0072  01F4               	clrf	??_ADC_chanel+1
  1093                           
  1094                           ; Switch on 2 bytes has been partitioned into a top level switch of size 1, and 1 sub-sw
      +                          itches
  1095                           ; Switch size 1, requested type "simple"
  1096                           ; Number of cases is 1, Range of values is 0 to 0
  1097                           ; switch strategies available:
  1098                           ; Name         Instructions Cycles
  1099                           ; simple_byte            4     3 (average)
  1100                           ; direct_byte           11     8 (fixed)
  1101                           ; jumptable            260     6 (fixed)
  1102                           ;	Chosen strategy is simple_byte
  1103  0073  0874               	movf	??_ADC_chanel+1,w
  1104  0074  3A00               	xorlw	0	; case 0
  1105  0075  1903               	skipnz
  1106  0076  2878               	goto	l878
  1107  0077  286B               	goto	l92
  1108  0078                     l878:	
  1109                           
  1110                           ; Switch size 1, requested type "simple"
  1111                           ; Number of cases is 16, Range of values is 0 to 15
  1112                           ; switch strategies available:
  1113                           ; Name         Instructions Cycles
  1114                           ; simple_byte           49    25 (average)
  1115                           ; direct_byte           56     8 (fixed)
  1116                           ; jumptable            260     6 (fixed)
  1117                           ;	Chosen strategy is simple_byte
  1118  0078  0873               	movf	??_ADC_chanel,w
  1119  0079  3A00               	xorlw	0	; case 0
  1120  007A  1903               	skipnz
  1121  007B  281B               	goto	l75
  1122  007C  3A01               	xorlw	1	; case 1
  1123  007D  1903               	skipnz
  1124  007E  2820               	goto	l77
  1125  007F  3A03               	xorlw	3	; case 2
  1126  0080  1903               	skipnz
  1127  0081  2825               	goto	l78
  1128  0082  3A01               	xorlw	1	; case 3
  1129  0083  1903               	skipnz
  1130  0084  282A               	goto	l79
  1131  0085  3A07               	xorlw	7	; case 4
  1132  0086  1903               	skipnz
  1133  0087  282F               	goto	l80
  1134  0088  3A01               	xorlw	1	; case 5
  1135  0089  1903               	skipnz
  1136  008A  2834               	goto	l81
  1137  008B  3A03               	xorlw	3	; case 6
  1138  008C  1903               	skipnz
  1139  008D  2839               	goto	l82
  1140  008E  3A01               	xorlw	1	; case 7
  1141  008F  1903               	skipnz
  1142  0090  283E               	goto	l83
  1143  0091  3A0F               	xorlw	15	; case 8
  1144  0092  1903               	skipnz
  1145  0093  2843               	goto	l84
  1146  0094  3A01               	xorlw	1	; case 9
  1147  0095  1903               	skipnz
  1148  0096  2848               	goto	l85
  1149  0097  3A03               	xorlw	3	; case 10
  1150  0098  1903               	skipnz
  1151  0099  284D               	goto	l86
  1152  009A  3A01               	xorlw	1	; case 11
  1153  009B  1903               	skipnz
  1154  009C  2852               	goto	l87
  1155  009D  3A07               	xorlw	7	; case 12
  1156  009E  1903               	skipnz
  1157  009F  2857               	goto	l88
  1158  00A0  3A01               	xorlw	1	; case 13
  1159  00A1  1903               	skipnz
  1160  00A2  285C               	goto	l89
  1161  00A3  3A03               	xorlw	3	; case 14
  1162  00A4  1903               	skipnz
  1163  00A5  2861               	goto	l90
  1164  00A6  3A01               	xorlw	1	; case 15
  1165  00A7  1903               	skipnz
  1166  00A8  2866               	goto	l91
  1167  00A9  286B               	goto	l92
  1168  00AA                     l76:	
  1169                           
  1170                           ;ADC_CH.c: 121:     ADCON1bits.ADFM = 0;
  1171  00AA  1683               	bsf	3,5	;RP0=1, select bank1
  1172  00AB  1303               	bcf	3,6	;RP1=0, select bank1
  1173  00AC  139F               	bcf	31,7	;volatile
  1174                           
  1175                           ;ADC_CH.c: 122:     ADCON1bits.VCFG1 = 0;
  1176  00AD  129F               	bcf	31,5	;volatile
  1177                           
  1178                           ;ADC_CH.c: 123:     ADCON1bits.VCFG0 = 0;
  1179  00AE  121F               	bcf	31,4	;volatile
  1180                           
  1181                           ;ADC_CH.c: 124:     ADCON0bits.ADON = 1;
  1182  00AF  1283               	bcf	3,5	;RP0=0, select bank0
  1183  00B0  1303               	bcf	3,6	;RP1=0, select bank0
  1184  00B1  141F               	bsf	31,0	;volatile
  1185  00B2                     l93:	
  1186  00B2  0008               	return
  1187  00B3                     __end_of_ADC_chanel:	
  1188                           
  1189                           	psect	text4
  1190  00B3                     __ptext4:	
  1191 ;; *************** function _isr *****************
  1192 ;; Defined at:
  1193 ;;		line 42 in file "Lab5_Slave3_Temp.c"
  1194 ;; Parameters:    Size  Location     Type
  1195 ;;		None
  1196 ;; Auto vars:     Size  Location     Type
  1197 ;;		None
  1198 ;; Return value:  Size  Location     Type
  1199 ;;                  1    wreg      void 
  1200 ;; Registers used:
  1201 ;;		wreg
  1202 ;; Tracked objects:
  1203 ;;		On entry : 0/0
  1204 ;;		On exit  : 0/0
  1205 ;;		Unchanged: 0/0
  1206 ;; Data sizes:     COMMON   BANK0   BANK1   BANK3   BANK2
  1207 ;;      Params:         0       0       0       0       0
  1208 ;;      Locals:         0       0       0       0       0
  1209 ;;      Temps:          3       0       0       0       0
  1210 ;;      Totals:         3       0       0       0       0
  1211 ;;Total ram usage:        3 bytes
  1212 ;; Hardware stack levels used:    1
  1213 ;; This function calls:
  1214 ;;		Nothing
  1215 ;; This function is called by:
  1216 ;;		Interrupt level 1
  1217 ;; This function uses a non-reentrant model
  1218 ;;
  1219                           
  1220                           
  1221                           ;psect for function _isr
  1222  00B3                     _isr:	
  1223  00B3                     i1l784:	
  1224                           
  1225                           ;Lab5_Slave3_Temp.c: 43:    if(PIR1bits.SSPIF == 1){
  1226  00B3  1283               	bcf	3,5	;RP0=0, select bank0
  1227  00B4  1303               	bcf	3,6	;RP1=0, select bank0
  1228  00B5  1D8C               	btfss	12,3	;volatile
  1229  00B6  28B8               	goto	u3_21
  1230  00B7  28B9               	goto	u3_20
  1231  00B8                     u3_21:	
  1232  00B8  28EF               	goto	i1l56
  1233  00B9                     u3_20:	
  1234  00B9                     i1l786:	
  1235                           
  1236                           ;Lab5_Slave3_Temp.c: 45:         SSPCONbits.CKP = 0;
  1237  00B9  1214               	bcf	20,4	;volatile
  1238                           
  1239                           ;Lab5_Slave3_Temp.c: 47:         if ((SSPCONbits.SSPOV) || (SSPCONbits.WCOL)){
  1240  00BA  1B14               	btfsc	20,6	;volatile
  1241  00BB  28BD               	goto	u4_21
  1242  00BC  28BE               	goto	u4_20
  1243  00BD                     u4_21:	
  1244  00BD  28C2               	goto	i1l790
  1245  00BE                     u4_20:	
  1246  00BE                     i1l788:	
  1247  00BE  1F94               	btfss	20,7	;volatile
  1248  00BF  28C1               	goto	u5_21
  1249  00C0  28C2               	goto	u5_20
  1250  00C1                     u5_21:	
  1251  00C1  28CA               	goto	i1l48
  1252  00C2                     u5_20:	
  1253  00C2                     i1l790:	
  1254                           
  1255                           ;Lab5_Slave3_Temp.c: 48:             z = SSPBUF;
  1256  00C2  0813               	movf	19,w	;volatile
  1257  00C3  00F0               	movwf	??_isr
  1258  00C4  0870               	movf	??_isr,w
  1259  00C5  00F8               	movwf	_z
  1260  00C6                     i1l792:	
  1261                           
  1262                           ;Lab5_Slave3_Temp.c: 49:             SSPCONbits.SSPOV = 0;
  1263  00C6  1314               	bcf	20,6	;volatile
  1264  00C7                     i1l794:	
  1265                           
  1266                           ;Lab5_Slave3_Temp.c: 50:             SSPCONbits.WCOL = 0;
  1267  00C7  1394               	bcf	20,7	;volatile
  1268  00C8                     i1l796:	
  1269                           
  1270                           ;Lab5_Slave3_Temp.c: 51:             SSPCONbits.CKP = 1;
  1271  00C8  1614               	bsf	20,4	;volatile
  1272                           
  1273                           ;Lab5_Slave3_Temp.c: 52:         }
  1274  00C9  28ED               	goto	i1l51
  1275  00CA                     i1l48:	
  1276                           ;Lab5_Slave3_Temp.c: 64:         else if(!SSPSTATbits.D_nA && SSPSTATbits.R_nW){
  1277                           
  1278  00CA  1683               	bsf	3,5	;RP0=1, select bank1
  1279  00CB  1303               	bcf	3,6	;RP1=0, select bank1
  1280  00CC  1A94               	btfsc	20,5	;volatile
  1281  00CD  28CF               	goto	u6_21
  1282  00CE  28D0               	goto	u6_20
  1283  00CF                     u6_21:	
  1284  00CF  28ED               	goto	i1l51
  1285  00D0                     u6_20:	
  1286  00D0                     i1l798:	
  1287  00D0  1D14               	btfss	20,2	;volatile
  1288  00D1  28D3               	goto	u7_21
  1289  00D2  28D4               	goto	u7_20
  1290  00D3                     u7_21:	
  1291  00D3  28ED               	goto	i1l51
  1292  00D4                     u7_20:	
  1293  00D4                     i1l800:	
  1294                           
  1295                           ;Lab5_Slave3_Temp.c: 65:             z = SSPBUF;
  1296  00D4  1283               	bcf	3,5	;RP0=0, select bank0
  1297  00D5  1303               	bcf	3,6	;RP1=0, select bank0
  1298  00D6  0813               	movf	19,w	;volatile
  1299  00D7  00F0               	movwf	??_isr
  1300  00D8  0870               	movf	??_isr,w
  1301  00D9  00F8               	movwf	_z
  1302  00DA                     i1l802:	
  1303                           
  1304                           ;Lab5_Slave3_Temp.c: 66:             BF = 0;
  1305  00DA  1683               	bsf	3,5	;RP0=1, select bank1
  1306  00DB  1303               	bcf	3,6	;RP1=0, select bank1
  1307  00DC  1014               	bcf	20,0	;volatile
  1308                           
  1309                           ;Lab5_Slave3_Temp.c: 67:             SSPBUF = ADC_Temp;
  1310  00DD  0879               	movf	_ADC_Temp,w
  1311  00DE  1283               	bcf	3,5	;RP0=0, select bank0
  1312  00DF  1303               	bcf	3,6	;RP1=0, select bank0
  1313  00E0  0093               	movwf	19	;volatile
  1314  00E1                     i1l804:	
  1315                           
  1316                           ;Lab5_Slave3_Temp.c: 68:             SSPCONbits.CKP = 1;
  1317  00E1  1614               	bsf	20,4	;volatile
  1318                           
  1319                           ;Lab5_Slave3_Temp.c: 69:             _delay((unsigned long)((250)*(8000000/4000000.0)));
  1320  00E2  30A6               	movlw	166
  1321  00E3  00F0               	movwf	??_isr
  1322  00E4                     u12_27:	
  1323  00E4  0BF0               	decfsz	??_isr,f
  1324  00E5  28E4               	goto	u12_27
  1325  00E6  0000               	nop
  1326  00E7                     i1l53:	
  1327                           ;Lab5_Slave3_Temp.c: 70:             while(SSPSTATbits.BF);
  1328                           
  1329  00E7  1683               	bsf	3,5	;RP0=1, select bank1
  1330  00E8  1303               	bcf	3,6	;RP1=0, select bank1
  1331  00E9  1814               	btfsc	20,0	;volatile
  1332  00EA  28EC               	goto	u8_21
  1333  00EB  28ED               	goto	u8_20
  1334  00EC                     u8_21:	
  1335  00EC  28E7               	goto	i1l53
  1336  00ED                     u8_20:	
  1337  00ED                     i1l51:	
  1338                           
  1339                           ;Lab5_Slave3_Temp.c: 73:         PIR1bits.SSPIF = 0;
  1340  00ED  1283               	bcf	3,5	;RP0=0, select bank0
  1341  00EE  118C               	bcf	12,3	;volatile
  1342  00EF                     i1l56:	
  1343  00EF  0872               	movf	??_isr+2,w
  1344  00F0  008A               	movwf	10
  1345  00F1  0E71               	swapf	(??_isr+1)^(0+4294967168),w
  1346  00F2  0083               	movwf	3
  1347  00F3  0EFE               	swapf	btemp,f
  1348  00F4  0E7E               	swapf	btemp,w
  1349  00F5  0009               	retfie
  1350  00F6                     __end_of_isr:	
  1351  007E                     btemp	set	126	;btemp
  1352  007E                     wtemp0	set	126
  1353                           
  1354                           	psect	intentry
  1355  0004                     __pintentry:	
  1356                           ;incstack = 0
  1357                           ; Regs used in _isr: [wreg]
  1358                           
  1359  0004                     interrupt_function:	
  1360  007E                     saved_w	set	btemp
  1361  0004  00FE               	movwf	btemp
  1362  0005  0E03               	swapf	3,w
  1363  0006  00F1               	movwf	??_isr+1
  1364  0007  080A               	movf	10,w
  1365  0008  00F2               	movwf	??_isr+2
  1366  0009  120A  118A  28B3   	ljmp	_isr


Data Sizes:
    Strings     0
    Constant    0
    Data        0
    BSS         2
    Persistent  0
    Stack       0

Auto Spaces:
    Space          Size  Autos    Used
    COMMON           14      8      10
    BANK0            80      0       0
    BANK1            80      0       0
    BANK3            96      0       0
    BANK2            96      0       0

Pointer List with Targets:

    None.

Critical Paths under _main in COMMON

    _main->_ADC_chanel

Critical Paths under _isr in COMMON

    None.

Critical Paths under _main in BANK0

    None.

Critical Paths under _isr in BANK0

    None.

Critical Paths under _main in BANK1

    None.

Critical Paths under _isr in BANK1

    None.

Critical Paths under _main in BANK3

    None.

Critical Paths under _isr in BANK3

    None.

Critical Paths under _main in BANK2

    None.

Critical Paths under _isr in BANK2

    None.

Call Graph Tables:

 ---------------------------------------------------------------------------------
 (Depth) Function   	        Calls       Base Space   Used Autos Params    Refs
 ---------------------------------------------------------------------------------
 (0) _main                                                 2     2      0      30
                                              6 COMMON     2     2      0
                         _ADC_chanel
                     _I2C_Slave_Init
                        _init_config
 ---------------------------------------------------------------------------------
 (1) _init_config                                          0     0      0       0
 ---------------------------------------------------------------------------------
 (1) _I2C_Slave_Init                                       1     1      0      15
                                              3 COMMON     1     1      0
 ---------------------------------------------------------------------------------
 (1) _ADC_chanel                                           3     3      0      15
                                              3 COMMON     3     3      0
 ---------------------------------------------------------------------------------
 Estimated maximum stack depth 1
 ---------------------------------------------------------------------------------
 (Depth) Function   	        Calls       Base Space   Used Autos Params    Refs
 ---------------------------------------------------------------------------------
 (2) _isr                                                  3     3      0       0
                                              0 COMMON     3     3      0
 ---------------------------------------------------------------------------------
 Estimated maximum stack depth 2
 ---------------------------------------------------------------------------------

 Call Graph Graphs:

 _main (ROOT)
   _ADC_chanel
   _I2C_Slave_Init
   _init_config

 _isr (ROOT)

 Address spaces:
Name               Size   Autos  Total    Cost      Usage
BITCOMMON            E      0       0       0        0.0%
EEDATA             100      0       0       0        0.0%
NULL                 0      0       0       0        0.0%
CODE                 0      0       0       0        0.0%
COMMON               E      8       A       1       71.4%
BITSFR0              0      0       0       1        0.0%
SFR0                 0      0       0       1        0.0%
BITSFR1              0      0       0       2        0.0%
SFR1                 0      0       0       2        0.0%
STACK                0      0       0       2        0.0%
ABS                  0      0       A       3        0.0%
BITBANK0            50      0       0       4        0.0%
BITSFR3              0      0       0       4        0.0%
SFR3                 0      0       0       4        0.0%
BANK0               50      0       0       5        0.0%
BITSFR2              0      0       0       5        0.0%
SFR2                 0      0       0       5        0.0%
BITBANK1            50      0       0       6        0.0%
BANK1               50      0       0       7        0.0%
BITBANK3            60      0       0       8        0.0%
BANK3               60      0       0       9        0.0%
BITBANK2            60      0       0      10        0.0%
BANK2               60      0       0      11        0.0%
DATA                 0      0       A      12        0.0%


Microchip Technology PIC Macro Assembler V2.10 build 88905656 
Symbol Table                                                                                   Mon Feb 24 17:43:53 2020

                      _z 0078              __CFG_CP$OFF 0000              _SSPSTATbits 0094  
                     _BF 04A0                       l80 002F                       l81 0034  
                     l90 0061                       l82 0039                       l91 0066  
                     l83 003E                       l75 001B                       l67 014D  
                     l92 006B                       l84 0043                       l76 00AA  
                     l93 00B2                       l85 0048                       l77 0020  
                     l86 004D                       l78 0025                       l87 0052  
                     l79 002A                       l88 0057                       l89 005C  
                    l148 0135                      l810 0107                      l740 0136  
                    l812 010A                      l750 014A                      l742 013E  
                    l814 010B                      l806 00F6                      l760 012C  
                    l752 014B                      l744 0141                      l816 010F  
                    l808 0101                      l770 0016                      l762 012D  
                    l754 014C                      l746 0144                      l764 012E  
                    l756 011D                      l748 0147                      l774 0070  
                    l766 012F                      l758 012B                      l768 0132  
                    l878 0078                      _GIE 005F                      u117 0113  
           __CFG_CPD$OFF 0000                      _isr 00B3      __size_of_ADC_chanel 009E  
           __CFG_LVP$OFF 0000                     ?_isr 0070                     _PEIE 005E  
                   i1l51 00ED                     i1l53 00E7                     i1l48 00CA  
                   i1l56 00EF                     u3_20 00B9                     u3_21 00B8  
                   u4_20 00BE                     u4_21 00BD                     u5_20 00C2  
                   u5_21 00C1                     u6_20 00D0                     u6_21 00CF  
                   u7_20 00D4                     u7_21 00D3                     u8_20 00ED  
                   u8_21 00EC             __CFG_WRT$OFF 0000                     _main 00F6  
                   btemp 007E                     start 000C            __CFG_IESO$OFF 0000  
          __CFG_MCLRE$ON 0000                    ??_isr 0070                    ?_main 0070  
          __CFG_WDTE$OFF 0000                    _ANSEL 0188                    i1l800 00D4  
                  i1l802 00DA             ?_init_config 0070                    i1l804 00E1  
                  i1l790 00C2                    i1l792 00C6                    i1l784 00B3  
                  i1l794 00C7                    i1l786 00B9                    i1l796 00C8  
                  i1l788 00BE                    i1l798 00D0                    u12_27 00E4  
                  _PORTA 0005                    _PORTB 0006                    _TRISA 0085  
                  _TRISB 0086                    _SSPIE 0463                    _SSPIF 0063  
         __CFG_FCMEN$OFF 0000           __CFG_BOREN$OFF 0000                    pclath 000A  
                  status 0003                    wtemp0 007E          __initialization 000F  
           __end_of_main 011C                   ??_main 0076                   _ADCON1 009F  
                 _ADRESH 001E                   _ANSELH 0189                   _SSPADD 0093  
                 _TRISC3 043B                   _TRISC4 043C                   _SSPBUF 0013  
                 _SSPCON 0014             ??_ADC_chanel 0073           __CFG_PWRTE$OFF 0000  
                 saved_w 007E       __end_of_ADC_chanel 00B3  __end_of__initialization 0011  
         __pcstackCOMMON 0070  __size_of_I2C_Slave_Init 001A     __size_of_init_config 0018  
  I2C_Slave_Init@address 0073               __pmaintext 00F6               __pintentry 0004  
                _SSPCON2 0091                  _SSPSTAT 0094                  __ptext1 0136  
                __ptext2 011C                  __ptext3 0015                  __ptext4 00B3  
           __size_of_isr 0043     end_of_initialization 0011           _I2C_Slave_Init 011C  
              _TRISCbits 0087   __end_of_I2C_Slave_Init 0136      start_initialization 000F  
            __end_of_isr 00F6          ?_I2C_Slave_Init 0070            ??_init_config 0073  
            __pbssCOMMON 0078                ___latbits 0002   __CFG_FOSC$INTRC_CLKOUT 0000  
               _ADC_Temp 0079      __end_of_init_config 014E        interrupt_function 0004  
               _PIR1bits 000C               _ADCON0bits 001F               _ADCON1bits 009F  
      ADC_chanel@channel 0075               _ADC_chanel 0015              _init_config 0136  
      __CFG_BOR4V$BOR40V 0000         ??_I2C_Slave_Init 0073            __size_of_main 0026  
             _INTCONbits 000B                 intlevel1 0000              ?_ADC_chanel 0070  
            _SSPCON2bits 0091               _SSPCONbits 0014  
